<?xml version="1.0"?><coverage lines-covered="2" lines-valid="29" line-rate="0.06896551724137931" branches-covered="0" branches-valid="0" branch-rate="0" complexity="0" version="1.9" timestamp="1755862498"><sources><source>C:\Users\Lenovo\Documents\GitHub\zk-proof-system</source></sources><packages><package name="core\src" line-rate="0.16666666666666666" branch-rate="0" complexity="0"><classes><class name="circuit" filename="core\src\circuit.rs" line-rate="0" branch-rate="0" complexity="0"><methods/><lines><line number="11" hits="0"/></lines></class><class name="error" filename="core\src\error.rs" line-rate="0" branch-rate="0" complexity="0"><methods/><lines><line number="19" hits="0"/><line number="20" hits="0"/><line number="21" hits="0"/><line number="22" hits="0"/><line number="23" hits="0"/><line number="24" hits="0"/></lines></class><class name="proof" filename="core\src\proof.rs" line-rate="0" branch-rate="0" complexity="0"><methods/><lines><line number="13" hits="0"/><line number="18" hits="0"/><line number="19" hits="0"/></lines></class><class name="utils" filename="core\src\utils.rs" line-rate="1" branch-rate="0" complexity="0"><methods/><lines><line number="4" hits="216172782113783808"/><line number="5" hits="432345564227567616"/></lines></class></classes></package><package name="bindings\src" line-rate="0" branch-rate="0" complexity="0"><classes><class name="ffi" filename="bindings\src\ffi.rs" line-rate="0" branch-rate="0" complexity="0"><methods/><lines><line number="10" hits="0"/><line number="16" hits="0"/><line number="17" hits="0"/><line number="30" hits="0"/><line number="31" hits="0"/><line number="32" hits="0"/></lines></class></classes></package><package name="commitments\src" line-rate="0" branch-rate="0" complexity="0"><classes><class name="pedersen" filename="commitments\src\pedersen.rs" line-rate="0" branch-rate="0" complexity="0"><methods/><lines><line number="14" hits="0"/></lines></class><class name="polynomial" filename="commitments\src\polynomial.rs" line-rate="0" branch-rate="0" complexity="0"><methods/><lines><line number="12" hits="0"/></lines></class></classes></package><package name="verifier\src" line-rate="0" branch-rate="0" complexity="0"><classes><class name="batch" filename="verifier\src\batch.rs" line-rate="0" branch-rate="0" complexity="0"><methods/><lines><line number="14" hits="0"/><line number="20" hits="0"/><line number="22" hits="0"/></lines></class><class name="single" filename="verifier\src\single.rs" line-rate="0" branch-rate="0" complexity="0"><methods/><lines><line number="11" hits="0"/><line number="12" hits="0"/><line number="17" hits="0"/><line number="18" hits="0"/><line number="23" hits="0"/><line number="25" hits="0"/></lines></class></classes></package></packages></coverage>